{"/home/billerens/Kalyanov/todo-app/src/store/modules/taskMethods.js": {"path":"/home/billerens/Kalyanov/todo-app/src/store/modules/taskMethods.js","statementMap":{"0":{"start":{"line":7,"column":12},"end":{"line":7,"column":39}},"1":{"start":{"line":12,"column":12},"end":{"line":12,"column":68}},"2":{"start":{"line":15,"column":12},"end":{"line":19,"column":13}},"3":{"start":{"line":16,"column":29},"end":{"line":16,"column":70}},"4":{"start":{"line":17,"column":16},"end":{"line":17,"column":39}},"5":{"start":{"line":18,"column":16},"end":{"line":18,"column":75}},"6":{"start":{"line":23,"column":12},"end":{"line":25,"column":15}},"7":{"start":{"line":24,"column":16},"end":{"line":24,"column":87}},"8":{"start":{"line":26,"column":12},"end":{"line":26,"column":71}},"9":{"start":{"line":31,"column":12},"end":{"line":36,"column":13}},"10":{"start":{"line":32,"column":16},"end":{"line":32,"column":73}},"11":{"start":{"line":32,"column":57},"end":{"line":32,"column":70}},"12":{"start":{"line":33,"column":16},"end":{"line":33,"column":75}},"13":{"start":{"line":34,"column":16},"end":{"line":34,"column":55}},"14":{"start":{"line":37,"column":12},"end":{"line":37,"column":44}},"15":{"start":{"line":47,"column":12},"end":{"line":47,"column":31}},"16":{"start":{"line":51,"column":12},"end":{"line":51,"column":60}},"17":{"start":{"line":51,"column":45},"end":{"line":51,"column":58}},"18":{"start":{"line":55,"column":12},"end":{"line":55,"column":58}},"19":{"start":{"line":55,"column":44},"end":{"line":55,"column":56}},"20":{"start":{"line":60,"column":12},"end":{"line":66,"column":13}},"21":{"start":{"line":61,"column":16},"end":{"line":61,"column":39}},"22":{"start":{"line":62,"column":18},"end":{"line":66,"column":13}},"23":{"start":{"line":63,"column":16},"end":{"line":63,"column":42}},"24":{"start":{"line":64,"column":19},"end":{"line":66,"column":13}},"25":{"start":{"line":65,"column":16},"end":{"line":65,"column":45}}},"fnMap":{"0":{"name":"(anonymous_0)","decl":{"start":{"line":6,"column":8},"end":{"line":6,"column":9}},"loc":{"start":{"line":6,"column":26},"end":{"line":8,"column":9}},"line":6},"1":{"name":"(anonymous_1)","decl":{"start":{"line":11,"column":8},"end":{"line":11,"column":9}},"loc":{"start":{"line":11,"column":23},"end":{"line":13,"column":9}},"line":11},"2":{"name":"(anonymous_2)","decl":{"start":{"line":14,"column":8},"end":{"line":14,"column":9}},"loc":{"start":{"line":14,"column":34},"end":{"line":21,"column":9}},"line":14},"3":{"name":"(anonymous_3)","decl":{"start":{"line":22,"column":8},"end":{"line":22,"column":9}},"loc":{"start":{"line":22,"column":37},"end":{"line":27,"column":9}},"line":22},"4":{"name":"(anonymous_4)","decl":{"start":{"line":23,"column":42},"end":{"line":23,"column":43}},"loc":{"start":{"line":23,"column":50},"end":{"line":25,"column":13}},"line":23},"5":{"name":"(anonymous_5)","decl":{"start":{"line":29,"column":8},"end":{"line":29,"column":9}},"loc":{"start":{"line":29,"column":42},"end":{"line":38,"column":9}},"line":29},"6":{"name":"(anonymous_6)","decl":{"start":{"line":32,"column":49},"end":{"line":32,"column":50}},"loc":{"start":{"line":32,"column":57},"end":{"line":32,"column":70}},"line":32},"7":{"name":"(anonymous_7)","decl":{"start":{"line":46,"column":8},"end":{"line":46,"column":9}},"loc":{"start":{"line":46,"column":23},"end":{"line":48,"column":9}},"line":46},"8":{"name":"(anonymous_8)","decl":{"start":{"line":50,"column":8},"end":{"line":50,"column":9}},"loc":{"start":{"line":50,"column":26},"end":{"line":53,"column":9}},"line":50},"9":{"name":"(anonymous_9)","decl":{"start":{"line":51,"column":38},"end":{"line":51,"column":39}},"loc":{"start":{"line":51,"column":45},"end":{"line":51,"column":58}},"line":51},"10":{"name":"(anonymous_10)","decl":{"start":{"line":54,"column":8},"end":{"line":54,"column":9}},"loc":{"start":{"line":54,"column":29},"end":{"line":57,"column":9}},"line":54},"11":{"name":"(anonymous_11)","decl":{"start":{"line":55,"column":38},"end":{"line":55,"column":39}},"loc":{"start":{"line":55,"column":44},"end":{"line":55,"column":56}},"line":55},"12":{"name":"(anonymous_12)","decl":{"start":{"line":58,"column":8},"end":{"line":58,"column":9}},"loc":{"start":{"line":58,"column":37},"end":{"line":67,"column":5}},"line":58}},"branchMap":{"0":{"loc":{"start":{"line":15,"column":12},"end":{"line":19,"column":13}},"type":"if","locations":[{"start":{"line":15,"column":12},"end":{"line":19,"column":13}},{"start":{"line":15,"column":12},"end":{"line":19,"column":13}}],"line":15},"1":{"loc":{"start":{"line":24,"column":23},"end":{"line":24,"column":87}},"type":"cond-expr","locations":[{"start":{"line":24,"column":46},"end":{"line":24,"column":81}},{"start":{"line":24,"column":83},"end":{"line":24,"column":87}}],"line":24},"2":{"loc":{"start":{"line":31,"column":12},"end":{"line":36,"column":13}},"type":"if","locations":[{"start":{"line":31,"column":12},"end":{"line":36,"column":13}},{"start":{"line":31,"column":12},"end":{"line":36,"column":13}}],"line":31},"3":{"loc":{"start":{"line":60,"column":12},"end":{"line":66,"column":13}},"type":"if","locations":[{"start":{"line":60,"column":12},"end":{"line":66,"column":13}},{"start":{"line":60,"column":12},"end":{"line":66,"column":13}}],"line":60},"4":{"loc":{"start":{"line":62,"column":18},"end":{"line":66,"column":13}},"type":"if","locations":[{"start":{"line":62,"column":18},"end":{"line":66,"column":13}},{"start":{"line":62,"column":18},"end":{"line":66,"column":13}}],"line":62},"5":{"loc":{"start":{"line":64,"column":19},"end":{"line":66,"column":13}},"type":"if","locations":[{"start":{"line":64,"column":19},"end":{"line":66,"column":13}},{"start":{"line":64,"column":19},"end":{"line":66,"column":13}}],"line":64}},"s":{"0":0,"1":0,"2":0,"3":0,"4":0,"5":0,"6":0,"7":0,"8":0,"9":0,"10":0,"11":0,"12":0,"13":0,"14":0,"15":0,"16":0,"17":0,"18":0,"19":0,"20":0,"21":0,"22":0,"23":0,"24":0,"25":0},"f":{"0":0,"1":0,"2":0,"3":0,"4":0,"5":0,"6":0,"7":0,"8":0,"9":0,"10":0,"11":0,"12":0},"b":{"0":[0,0],"1":[0,0],"2":[0,0],"3":[0,0],"4":[0,0],"5":[0,0]},"_coverageSchema":"43e27e138ebf9cfc5966b082cf9a028302ed4184","hash":"e3f1557926bc728945f442a114eb190bd8e88a66"}
,"/home/billerens/Kalyanov/todo-app/tests/unit/store/store.cfg.js": {"path":"/home/billerens/Kalyanov/todo-app/tests/unit/store/store.cfg.js","statementMap":{},"fnMap":{},"branchMap":{},"s":{},"f":{},"b":{},"_coverageSchema":"43e27e138ebf9cfc5966b082cf9a028302ed4184","hash":"c437e6bd35b3691d4719e5a0a730e81d85d059ab"}
}
